# JRE version: Java(TM) SE Runtime Environment (7.0_40-b43) (build 1.7.0_40-b43)
# Java VM: Java HotSpot(TM) 64-Bit Server VM (24.0-b56 mixed mode windows-amd64 compressed oops)
Heap
 PSYoungGen      total 18432K, used 717K [0x00000000eb400000, 0x00000000ec880000, 0x0000000100000000)
  eden space 15872K, 4% used [0x00000000eb400000,0x00000000eb4a3410,0x00000000ec380000)
  from space 2560K, 2% used [0x00000000ec380000,0x00000000ec390000,0x00000000ec600000)
  to   space 2560K, 0% used [0x00000000ec600000,0x00000000ec600000,0x00000000ec880000)
 ParOldGen       total 42496K, used 1412K [0x00000000c1c00000, 0x00000000c4580000, 0x00000000eb400000)
  object space 42496K, 3% used [0x00000000c1c00000,0x00000000c1d610d8,0x00000000c4580000)
 PSPermGen       total 21504K, used 10252K [0x00000000bca00000, 0x00000000bdf00000, 0x00000000c1c00000)
  object space 21504K, 47% used [0x00000000bca00000,0x00000000bd4030a0,0x00000000bdf00000)
GC Heap History (10 events):
Event: 11.320 GC heap before
{Heap before GC invocations=7 (full 0):
 PSYoungGen      total 17920K, used 17780K [0x00000000eb400000, 0x00000000ec700000, 0x0000000100000000)
  eden space 16384K, 100% used [0x00000000eb400000,0x00000000ec400000,0x00000000ec400000)
  from space 1536K, 90% used [0x00000000ec580000,0x00000000ec6dd078,0x00000000ec700000)
  to   space 1536K, 0% used [0x00000000ec400000,0x00000000ec400000,0x00000000ec580000)
 ParOldGen       total 42496K, used 40K [0x00000000c1c00000, 0x00000000c4580000, 0x00000000eb400000)
  object space 42496K, 0% used [0x00000000c1c00000,0x00000000c1c0a000,0x00000000c4580000)
 PSPermGen       total 21504K, used 9948K [0x00000000bca00000, 0x00000000bdf00000, 0x00000000c1c00000)
  object space 21504K, 46% used [0x00000000bca00000,0x00000000bd3b7358,0x00000000bdf00000)
Event: 11.330 GC heap after
Heap after GC invocations=7 (full 0):
 PSYoungGen      total 17920K, used 32K [0x00000000eb400000, 0x00000000ec800000, 0x0000000100000000)
  eden space 16384K, 0% used [0x00000000eb400000,0x00000000eb400000,0x00000000ec400000)
  from space 1536K, 2% used [0x00000000ec400000,0x00000000ec408000,0x00000000ec580000)
  to   space 2048K, 0% used [0x00000000ec600000,0x00000000ec600000,0x00000000ec800000)
 ParOldGen       total 42496K, used 1412K [0x00000000c1c00000, 0x00000000c4580000, 0x00000000eb400000)
  object space 42496K, 3% used [0x00000000c1c00000,0x00000000c1d610d8,0x00000000c4580000)
 PSPermGen       total 21504K, used 9948K [0x00000000bca00000, 0x00000000bdf00000, 0x00000000c1c00000)
  object space 21504K, 46% used [0x00000000bca00000,0x00000000bd3b7358,0x00000000bdf00000)
}
Event: 12.462 GC heap before
{Heap before GC invocations=8 (full 0):
 PSYoungGen      total 17920K, used 16416K [0x00000000eb400000, 0x00000000ec800000, 0x0000000100000000)
  eden space 16384K, 100% used [0x00000000eb400000,0x00000000ec400000,0x00000000ec400000)
  from space 1536K, 2% used [0x00000000ec400000,0x00000000ec408000,0x00000000ec580000)
  to   space 2048K, 0% used [0x00000000ec600000,0x00000000ec600000,0x00000000ec800000)
 ParOldGen       total 42496K, used 1412K [0x00000000c1c00000, 0x00000000c4580000, 0x00000000eb400000)
  object space 42496K, 3% used [0x00000000c1c00000,0x00000000c1d610d8,0x00000000c4580000)
 PSPermGen       total 21504K, used 9948K [0x00000000bca00000, 0x00000000bdf00000, 0x00000000c1c00000)
  object space 21504K, 46% used [0x00000000bca00000,0x00000000bd3b7358,0x00000000bdf00000)
Event: 12.467 GC heap after
Heap after GC invocations=8 (full 0):
 PSYoungGen      total 18432K, used 32K [0x00000000eb400000, 0x00000000ec800000, 0x0000000100000000)
  eden space 16384K, 0% used [0x00000000eb400000,0x00000000eb400000,0x00000000ec400000)
  from space 2048K, 1% used [0x00000000ec600000,0x00000000ec608000,0x00000000ec800000)
  to   space 2048K, 0% used [0x00000000ec400000,0x00000000ec400000,0x00000000ec600000)
 ParOldGen       total 42496K, used 1412K [0x00000000c1c00000, 0x00000000c4580000, 0x00000000eb400000)
  object space 42496K, 3% used [0x00000000c1c00000,0x00000000c1d610d8,0x00000000c4580000)
 PSPermGen       total 21504K, used 9948K [0x00000000bca00000, 0x00000000bdf00000, 0x00000000c1c00000)
  object space 21504K, 46% used [0x00000000bca00000,0x00000000bd3b7358,0x00000000bdf00000)
}
Event: 13.608 GC heap before
{Heap before GC invocations=9 (full 0):
 PSYoungGen      total 18432K, used 16416K [0x00000000eb400000, 0x00000000ec800000, 0x0000000100000000)
  eden space 16384K, 100% used [0x00000000eb400000,0x00000000ec400000,0x00000000ec400000)
  from space 2048K, 1% used [0x00000000ec600000,0x00000000ec608000,0x00000000ec800000)
  to   space 2048K, 0% used [0x00000000ec400000,0x00000000ec400000,0x00000000ec600000)
 ParOldGen       total 42496K, used 1412K [0x00000000c1c00000, 0x00000000c4580000, 0x00000000eb400000)
  object space 42496K, 3% used [0x00000000c1c00000,0x00000000c1d610d8,0x00000000c4580000)
 PSPermGen       total 21504K, used 9950K [0x00000000bca00000, 0x00000000bdf00000, 0x00000000c1c00000)
  object space 21504K, 46% used [0x00000000bca00000,0x00000000bd3b78b0,0x00000000bdf00000)
Event: 13.610 GC heap after
Heap after GC invocations=9 (full 0):
 PSYoungGen      total 18432K, used 64K [0x00000000eb400000, 0x00000000ec800000, 0x0000000100000000)
  eden space 16384K, 0% used [0x00000000eb400000,0x00000000eb400000,0x00000000ec400000)
  from space 2048K, 3% used [0x00000000ec400000,0x00000000ec410000,0x00000000ec600000)
  to   space 2048K, 0% used [0x00000000ec600000,0x00000000ec600000,0x00000000ec800000)
 ParOldGen       total 42496K, used 1412K [0x00000000c1c00000, 0x00000000c4580000, 0x00000000eb400000)
  object space 42496K, 3% used [0x00000000c1c00000,0x00000000c1d610d8,0x00000000c4580000)
 PSPermGen       total 21504K, used 9950K [0x00000000bca00000, 0x00000000bdf00000, 0x00000000c1c00000)
  object space 21504K, 46% used [0x00000000bca00000,0x00000000bd3b78b0,0x00000000bdf00000)
}
Event: 14.751 GC heap before
{Heap before GC invocations=10 (full 0):
 PSYoungGen      total 18432K, used 16448K [0x00000000eb400000, 0x00000000ec800000, 0x0000000100000000)
  eden space 16384K, 100% used [0x00000000eb400000,0x00000000ec400000,0x00000000ec400000)
  from space 2048K, 3% used [0x00000000ec400000,0x00000000ec410000,0x00000000ec600000)
  to   space 2048K, 0% used [0x00000000ec600000,0x00000000ec600000,0x00000000ec800000)
 ParOldGen       total 42496K, used 1412K [0x00000000c1c00000, 0x00000000c4580000, 0x00000000eb400000)
  object space 42496K, 3% used [0x00000000c1c00000,0x00000000c1d610d8,0x00000000c4580000)
 PSPermGen       total 21504K, used 9950K [0x00000000bca00000, 0x00000000bdf00000, 0x00000000c1c00000)
  object space 21504K, 46% used [0x00000000bca00000,0x00000000bd3b78b0,0x00000000bdf00000)
Event: 14.753 GC heap after
Heap after GC invocations=10 (full 0):
 PSYoungGen      total 17920K, used 32K [0x00000000eb400000, 0x00000000ec900000, 0x0000000100000000)
  eden space 15872K, 0% used [0x00000000eb400000,0x00000000eb400000,0x00000000ec380000)
  from space 2048K, 1% used [0x00000000ec600000,0x00000000ec608000,0x00000000ec800000)
  to   space 2560K, 0% used [0x00000000ec380000,0x00000000ec380000,0x00000000ec600000)
 ParOldGen       total 42496K, used 1412K [0x00000000c1c00000, 0x00000000c4580000, 0x00000000eb400000)
  object space 42496K, 3% used [0x00000000c1c00000,0x00000000c1d610d8,0x00000000c4580000)
 PSPermGen       total 21504K, used 9950K [0x00000000bca00000, 0x00000000bdf00000, 0x00000000c1c00000)
  object space 21504K, 46% used [0x00000000bca00000,0x00000000bd3b78b0,0x00000000bdf00000)
}
Event: 1901.083 GC heap before
{Heap before GC invocations=11 (full 0):
 PSYoungGen      total 17920K, used 15904K [0x00000000eb400000, 0x00000000ec900000, 0x0000000100000000)
  eden space 15872K, 100% used [0x00000000eb400000,0x00000000ec380000,0x00000000ec380000)
  from space 2048K, 1% used [0x00000000ec600000,0x00000000ec608000,0x00000000ec800000)
  to   space 2560K, 0% used [0x00000000ec380000,0x00000000ec380000,0x00000000ec600000)
 ParOldGen       total 42496K, used 1412K [0x00000000c1c00000, 0x00000000c4580000, 0x00000000eb400000)
  object space 42496K, 3% used [0x00000000c1c00000,0x00000000c1d610d8,0x00000000c4580000)
 PSPermGen       total 21504K, used 10169K [0x00000000bca00000, 0x00000000bdf00000, 0x00000000c1c00000)
  object space 21504K, 47% used [0x00000000bca00000,0x00000000bd3ee7a8,0x00000000bdf00000)
Event: 1901.084 GC heap after
Heap after GC invocations=11 (full 0):
 PSYoungGen      total 18432K, used 64K [0x00000000eb400000, 0x00000000ec880000, 0x0000000100000000)
  eden space 15872K, 0% used [0x00000000eb400000,0x00000000eb400000,0x00000000ec380000)
  from space 2560K, 2% used [0x00000000ec380000,0x00000000ec390000,0x00000000ec600000)
  to   space 2560K, 0% used [0x00000000ec600000,0x00000000ec600000,0x00000000ec880000)
 ParOldGen       total 42496K, used 1412K [0x00000000c1c00000, 0x00000000c4580000, 0x00000000eb400000)
  object space 42496K, 3% used [0x00000000c1c00000,0x00000000c1d610d8,0x00000000c4580000)
 PSPermGen       total 21504K, used 10169K [0x00000000bca00000, 0x00000000bdf00000, 0x00000000c1c00000)
  object space 21504K, 47% used [0x00000000bca00000,0x00000000bd3ee7a8,0x00000000bdf00000)
}

